Start testing: May 27 20:20 EDT
----------------------------------------------------------
1/1 Testing: totp_tests
1/1 Test: totp_tests
Command: "/Users/ashwinpaudel/Desktop/FocusOS/build/totp_tests"
Directory: /Users/ashwinpaudel/Desktop/FocusOS/build
"totp_tests" start time: May 27 20:20 EDT
Output:
----------------------------------------------------------
********* Start testing of TOTPTests *********
Config: Using QtTest library 6.11.1, Qt 6.11.1 (arm64-little_endian-lp64 shared (dynamic) release build; by Apple LLVM 21.0.0 (clang-2100.0.123.102)), macos 26.5.0
PASS   : TOTPTests::initTestCase()
PASS   : TOTPTests::rfc6238Sha1Vectors(59)
PASS   : TOTPTests::rfc6238Sha1Vectors(1111111109)
PASS   : TOTPTests::rfc6238Sha1Vectors(1111111111)
PASS   : TOTPTests::rfc6238Sha1Vectors(1234567890)
PASS   : TOTPTests::rfc6238Sha1Vectors(2000000000)
PASS   : TOTPTests::rfc6238Sha1Vectors(20000000000)
PASS   : TOTPTests::cleanupTestCase()
Totals: 8 passed, 0 failed, 0 skipped, 0 blacklisted, 2ms
********* Finished testing of TOTPTests *********
<end of output>
Test time =   0.03 sec
----------------------------------------------------------
Test Passed.
"totp_tests" end time: May 27 20:20 EDT
"totp_tests" time elapsed: 00:00:00
----------------------------------------------------------

End testing: May 27 20:20 EDT
